 O volume na unidade C ‚ OS
 O N£mero de S‚rie do Volume ‚ 8EE9-7E0B

 Pasta de C:\Aplicacoes\java\java-adword-2019-04\lib

05/04/2019  09:38    <DIR>          .
05/04/2019  09:38    <DIR>          ..
01/04/2019  10:04           353.820 ads-lib-4.5.0.jar
01/04/2019  10:04            20.482 ads-lib-axis-4.5.0.jar
01/04/2019  10:04         3.026.683 adwords-axis-4.5.0.jar
01/04/2019  10:04             4.467 aopalliance-1.0.jar
05/04/2019  09:38                 0 arquivos1.log
05/04/2019  09:33           744.163 async-http-client-1.9.38.jar
01/04/2019  10:04         1.599.570 axis-1.4.jar
04/04/2019  17:38    <DIR>          com
01/04/2019  10:04           233.859 commons-beanutils-1.9.2.jar
01/04/2019  10:04            46.725 commons-codec-1.3.jar
01/04/2019  10:04           588.337 commons-collections-3.2.2.jar
01/04/2019  10:04           362.679 commons-configuration-1.10.jar
01/04/2019  10:04            76.685 commons-discovery-0.4.jar
05/04/2019  09:33           214.788 commons-io-2.6.jar
01/04/2019  10:04           284.220 commons-lang-2.6.jar
01/04/2019  10:04            60.686 commons-logging-1.1.1.jar
05/04/2019  09:33            12.619 evo-inflector-1.2.1.jar
01/04/2019  10:04           199.662 google-api-client-1.23.0.jar
01/04/2019  10:04           357.839 google-http-client-1.23.0.jar
01/04/2019  10:04             6.675 google-http-client-jackson2-1.23.0.jar
01/04/2019  10:04            61.764 google-oauth-client-1.23.0.jar
01/04/2019  10:04         2.442.625 guava-20.0.jar
01/04/2019  10:04           846.627 guice-4.2.2.jar
01/04/2019  10:04            43.557 guice-assistedinject-4.2.2.jar
01/04/2019  10:04             6.106 guice-multibindings-4.2.2.jar
01/04/2019  10:04           291.037 httpclient-4.0.1.jar
01/04/2019  10:04           172.888 httpcore-4.0.1.jar
01/04/2019  10:04           206.797 jackson-core-2.1.3.jar
05/04/2019  09:33            84.697 java-json.jar
01/04/2019  10:04            78.030 javax.activation-1.2.0.jar
01/04/2019  10:04            26.586 javax.annotation-api-1.3.2.jar
01/04/2019  10:04             2.497 javax.inject-1.jar
01/04/2019  10:04             7.553 jaxb-ri-2.3.2.pom
01/04/2019  10:04            28.492 jaxrpc-api-1.1.jar
01/04/2019  10:04            63.504 jcommander-1.48.jar
01/04/2019  10:04           621.992 joda-time-2.8.2.jar
01/04/2019  10:04            33.015 jsr305-1.3.9.jar
01/04/2019  10:04           481.535 log4j-1.2.16.jar
01/04/2019  10:04             8.717 opencsv-1.8.jar
01/04/2019  10:04               343 README.dependencies
01/04/2019  10:04            29.257 slf4j-api-1.7.7.jar
01/04/2019  10:04             8.870 slf4j-log4j12-1.7.7.jar
01/04/2019  10:04            72.080 txw2-2.3.2.jar
01/04/2019  10:04           148.429 wsdl4j-1.6.2.jar
              43 arquivo(s)     13.960.957 bytes
               3 pasta(s)   741.479.026.688 bytes dispon¡veis
